Determining if the pthread_create exist failed with the following output:
Change Dir: /home/saymon/CLionProjects/GladiatorCE2103/cmake-build-debug/CMakeFiles/CMakeTmp

Run Build Command(s):/usr/bin/make cmTC_980a6/fast 
/usr/bin/make -f CMakeFiles/cmTC_980a6.dir/build.make CMakeFiles/cmTC_980a6.dir/build
make[1]: se entra en el directorio '/home/saymon/CLionProjects/GladiatorCE2103/cmake-build-debug/CMakeFiles/CMakeTmp'
Building C object CMakeFiles/cmTC_980a6.dir/CheckSymbolExists.c.o
/usr/bin/cc    -o CMakeFiles/cmTC_980a6.dir/CheckSymbolExists.c.o   -c /home/saymon/CLionProjects/GladiatorCE2103/cmake-build-debug/CMakeFiles/CMakeTmp/CheckSymbolExists.c
Linking C executable cmTC_980a6
/snap/clion/70/bin/cmake/linux/bin/cmake -E cmake_link_script CMakeFiles/cmTC_980a6.dir/link.txt --verbose=1
/usr/bin/cc      -rdynamic CMakeFiles/cmTC_980a6.dir/CheckSymbolExists.c.o  -o cmTC_980a6 
CMakeFiles/cmTC_980a6.dir/CheckSymbolExists.c.o: En la función `main':
CheckSymbolExists.c:(.text+0x1b): referencia a `pthread_create' sin definir
collect2: error: ld returned 1 exit status
CMakeFiles/cmTC_980a6.dir/build.make:86: recipe for target 'cmTC_980a6' failed
make[1]: *** [cmTC_980a6] Error 1
make[1]: se sale del directorio '/home/saymon/CLionProjects/GladiatorCE2103/cmake-build-debug/CMakeFiles/CMakeTmp'
Makefile:121: recipe for target 'cmTC_980a6/fast' failed
make: *** [cmTC_980a6/fast] Error 2

File /home/saymon/CLionProjects/GladiatorCE2103/cmake-build-debug/CMakeFiles/CMakeTmp/CheckSymbolExists.c:
/* */
#include <pthread.h>

int main(int argc, char** argv)
{
  (void)argv;
#ifndef pthread_create
  return ((int*)(&pthread_create))[argc];
#else
  (void)argc;
  return 0;
#endif
}

Determining if the function pthread_create exists in the pthreads failed with the following output:
Change Dir: /home/saymon/CLionProjects/GladiatorCE2103/cmake-build-debug/CMakeFiles/CMakeTmp

Run Build Command(s):/usr/bin/make cmTC_b49d5/fast 
/usr/bin/make -f CMakeFiles/cmTC_b49d5.dir/build.make CMakeFiles/cmTC_b49d5.dir/build
make[1]: se entra en el directorio '/home/saymon/CLionProjects/GladiatorCE2103/cmake-build-debug/CMakeFiles/CMakeTmp'
Building C object CMakeFiles/cmTC_b49d5.dir/CheckFunctionExists.c.o
/usr/bin/cc   -DCHECK_FUNCTION_EXISTS=pthread_create   -o CMakeFiles/cmTC_b49d5.dir/CheckFunctionExists.c.o   -c /snap/clion/70/bin/cmake/linux/share/cmake-3.14/Modules/CheckFunctionExists.c
Linking C executable cmTC_b49d5
/snap/clion/70/bin/cmake/linux/bin/cmake -E cmake_link_script CMakeFiles/cmTC_b49d5.dir/link.txt --verbose=1
/usr/bin/cc  -DCHECK_FUNCTION_EXISTS=pthread_create    -rdynamic CMakeFiles/cmTC_b49d5.dir/CheckFunctionExists.c.o  -o cmTC_b49d5 -lpthreads 
/usr/bin/ld: no se puede encontrar -lpthreads
collect2: error: ld returned 1 exit status
CMakeFiles/cmTC_b49d5.dir/build.make:86: recipe for target 'cmTC_b49d5' failed
make[1]: *** [cmTC_b49d5] Error 1
make[1]: se sale del directorio '/home/saymon/CLionProjects/GladiatorCE2103/cmake-build-debug/CMakeFiles/CMakeTmp'
Makefile:121: recipe for target 'cmTC_b49d5/fast' failed
make: *** [cmTC_b49d5/fast] Error 2


Performing C SOURCE FILE Test CMAKE_HAVE_LIBC_PTHREAD failed with the following output:
Change Dir: /home/saymon/CLionProjects/GladiatorCE2103/cmake-build-debug/CMakeFiles/CMakeTmp

Run Build Command(s):/usr/bin/make cmTC_5210f/fast && /usr/bin/make -f CMakeFiles/cmTC_5210f.dir/build.make CMakeFiles/cmTC_5210f.dir/build
make[1]: se entra en el directorio '/home/saymon/CLionProjects/GladiatorCE2103/cmake-build-debug/CMakeFiles/CMakeTmp'
Building C object CMakeFiles/cmTC_5210f.dir/src.c.o
/usr/bin/cc   -DCMAKE_HAVE_LIBC_PTHREAD   -o CMakeFiles/cmTC_5210f.dir/src.c.o   -c /home/saymon/CLionProjects/GladiatorCE2103/cmake-build-debug/CMakeFiles/CMakeTmp/src.c
Linking C executable cmTC_5210f
/snap/clion/88/bin/cmake/linux/bin/cmake -E cmake_link_script CMakeFiles/cmTC_5210f.dir/link.txt --verbose=1
/usr/bin/cc  -DCMAKE_HAVE_LIBC_PTHREAD    -rdynamic CMakeFiles/cmTC_5210f.dir/src.c.o  -o cmTC_5210f 
CMakeFiles/cmTC_5210f.dir/src.c.o: En la función `main':
src.c:(.text+0x3e): referencia a `pthread_create' sin definir
src.c:(.text+0x4a): referencia a `pthread_detach' sin definir
src.c:(.text+0x5b): referencia a `pthread_join' sin definir
src.c:(.text+0x6f): referencia a `pthread_atfork' sin definir
collect2: error: ld returned 1 exit status
CMakeFiles/cmTC_5210f.dir/build.make:86: recipe for target 'cmTC_5210f' failed
make[1]: *** [cmTC_5210f] Error 1
make[1]: se sale del directorio '/home/saymon/CLionProjects/GladiatorCE2103/cmake-build-debug/CMakeFiles/CMakeTmp'
Makefile:121: recipe for target 'cmTC_5210f/fast' failed
make: *** [cmTC_5210f/fast] Error 2


Source file was:
#include <pthread.h>

void* test_func(void* data)
{
  return data;
}

int main(void)
{
  pthread_t thread;
  pthread_create(&thread, NULL, test_func, NULL);
  pthread_detach(thread);
  pthread_join(thread, NULL);
  pthread_atfork(NULL, NULL, NULL);
  pthread_exit(NULL);

  return 0;
}

